[2020-11-03T13:24:10.833] [DEBUG] cheese - login => username:zs,password:123456
[2020-11-03T13:24:10.850] [DEBUG] cheese - zs
[2020-11-03T13:24:10.959] [DEBUG] cheese - null
[2020-11-03T13:24:10.970] [DEBUG] cheese - null
[2020-11-03T13:25:02.633] [DEBUG] cheese - login => username:admin,password:123456
[2020-11-03T13:25:02.633] [DEBUG] cheese - admin
[2020-11-03T13:25:02.637] [DEBUG] cheese - null
[2020-11-03T13:25:02.637] [DEBUG] cheese - null
[2020-11-03T18:31:47.723] [DEBUG] cheese - login => username:admin,password:123456
[2020-11-03T18:31:47.724] [DEBUG] cheese - admin
[2020-11-03T18:31:48.076] [DEBUG] cheese - null
[2020-11-03T18:31:48.076] [DEBUG] cheese - null
[2020-11-03T18:32:54.122] [DEBUG] cheese - login => username:admin,password:123456
[2020-11-03T18:32:54.122] [DEBUG] cheese - admin
[2020-11-03T18:32:54.125] [DEBUG] cheese - null
[2020-11-03T18:32:54.125] [DEBUG] cheese - null
[2020-11-03T18:35:41.380] [DEBUG] cheese - login => username:123,password:123456
[2020-11-03T18:35:41.380] [DEBUG] cheese - 123
[2020-11-03T18:35:41.383] [DEBUG] cheese - null
[2020-11-03T18:35:41.383] [DEBUG] cheese - null
[2020-11-03T18:35:47.685] [DEBUG] cheese - login => username:admin,password:123456
[2020-11-03T18:35:47.685] [DEBUG] cheese - admin
[2020-11-03T18:35:47.686] [DEBUG] cheese - null
[2020-11-03T18:35:47.686] [DEBUG] cheese - null
[2020-11-03T18:40:12.422] [DEBUG] cheese - login => username:admin,password:123456
[2020-11-03T18:40:12.422] [DEBUG] cheese - admin
[2020-11-03T18:40:12.423] [DEBUG] cheese - null
[2020-11-03T18:40:12.424] [DEBUG] cheese - null
[2020-11-03T18:40:20.711] [DEBUG] cheese - login => username:ad,password:123456
[2020-11-03T18:40:20.711] [DEBUG] cheese - ad
[2020-11-03T18:40:20.712] [DEBUG] cheese - null
[2020-11-03T18:40:20.713] [DEBUG] cheese - null
[2020-11-03T18:48:10.573] [DEBUG] cheese - login => username:admin,password:123456
[2020-11-03T18:48:10.573] [DEBUG] cheese - admin
[2020-11-03T18:48:10.576] [DEBUG] cheese - null
[2020-11-03T18:48:10.576] [DEBUG] cheese - null
[2020-11-03T18:50:32.179] [DEBUG] cheese - login => username:admin,password:123456
[2020-11-03T18:50:32.179] [DEBUG] cheese - admin
[2020-11-03T18:50:32.184] [DEBUG] cheese - null
[2020-11-03T18:50:32.184] [DEBUG] cheese - null
[2020-11-03T18:59:38.415] [DEBUG] cheese - login => username:admin,password:123456
[2020-11-03T18:59:38.415] [DEBUG] cheese - admin
[2020-11-03T18:59:38.419] [DEBUG] cheese - null
[2020-11-03T18:59:38.419] [DEBUG] cheese - null
[2020-11-03T19:02:34.517] [DEBUG] cheese - login => username:admin,password:123456
[2020-11-03T19:02:34.517] [DEBUG] cheese - admin
[2020-11-03T19:02:34.524] [DEBUG] cheese - null
[2020-11-03T19:02:34.524] [DEBUG] cheese - null
[2020-11-03T19:56:32.682] [DEBUG] cheese - login => username:admin,password:123456
[2020-11-03T19:56:32.682] [DEBUG] cheese - admin
[2020-11-03T19:56:32.686] [DEBUG] cheese - null
[2020-11-03T19:56:32.686] [DEBUG] cheese - null
[2020-11-03T20:07:19.601] [DEBUG] cheese - login => username:admin,password:123456
[2020-11-03T20:07:19.601] [DEBUG] cheese - admin
[2020-11-03T20:07:19.605] [DEBUG] cheese - null
[2020-11-03T20:07:19.606] [DEBUG] cheese - null
[2020-11-04T00:34:34.477] [DEBUG] cheese - login => username:admin,password:123456
[2020-11-04T00:34:34.478] [DEBUG] cheese - admin
[2020-11-04T00:34:34.648] [DEBUG] cheese - null
[2020-11-04T00:34:34.648] [DEBUG] cheese - null
[2020-11-04T00:39:02.750] [DEBUG] cheese - login => username:admin,password:123456
[2020-11-04T00:39:02.751] [DEBUG] cheese - admin
[2020-11-04T00:39:02.752] [DEBUG] cheese - null
[2020-11-04T00:39:02.752] [DEBUG] cheese - null
[2020-11-04T00:42:53.940] [DEBUG] cheese - login => username:admin,password:123456
[2020-11-04T00:42:53.940] [DEBUG] cheese - admin
[2020-11-04T00:42:53.942] [DEBUG] cheese - null
[2020-11-04T00:42:53.942] [DEBUG] cheese - null
[2020-11-04T00:43:21.235] [DEBUG] cheese - login => username:admin,password:123456
[2020-11-04T00:43:21.235] [DEBUG] cheese - admin
[2020-11-04T00:43:21.237] [DEBUG] cheese - null
[2020-11-04T00:43:21.237] [DEBUG] cheese - null
[2020-11-04T00:52:59.101] [DEBUG] cheese - login => username:admin,password:123456
[2020-11-04T00:52:59.101] [DEBUG] cheese - admin
[2020-11-04T00:52:59.102] [DEBUG] cheese - null
[2020-11-04T00:52:59.102] [DEBUG] cheese - null
[2020-11-04T02:24:43.000] [DEBUG] cheese - login => username:admin,password:123456
[2020-11-04T02:24:43.000] [DEBUG] cheese - admin
[2020-11-04T02:24:43.335] [DEBUG] cheese - null
[2020-11-04T02:24:43.336] [DEBUG] cheese - null
[2020-11-04T10:52:22.436] [DEBUG] cheese - login => username:admin,password:123456
[2020-11-04T10:52:22.478] [DEBUG] cheese - admin
[2020-11-04T10:52:22.758] [DEBUG] cheese - null
[2020-11-04T10:52:22.759] [DEBUG] cheese - null
[2020-11-04T10:54:02.762] [DEBUG] cheese - login => username:admin,password:123456
[2020-11-04T10:54:02.762] [DEBUG] cheese - admin
[2020-11-04T10:54:02.765] [DEBUG] cheese - null
[2020-11-04T10:54:02.765] [DEBUG] cheese - null
[2020-11-04T10:54:24.019] [DEBUG] cheese - login => username:admin,password:123456
[2020-11-04T10:54:24.019] [DEBUG] cheese - admin
[2020-11-04T10:54:24.022] [DEBUG] cheese - null
[2020-11-04T10:54:24.022] [DEBUG] cheese - null
[2020-11-04T11:33:36.078] [DEBUG] cheese - login => username:admin,password:123456
[2020-11-04T11:33:36.079] [DEBUG] cheese - admin
[2020-11-04T11:33:36.082] [DEBUG] cheese - null
[2020-11-04T11:33:36.082] [DEBUG] cheese - null
[2020-11-04T17:57:55.733] [DEBUG] cheese - login => username:admin,password:123456
[2020-11-04T17:57:55.734] [DEBUG] cheese - admin
[2020-11-04T17:57:55.737] [DEBUG] cheese - login => username:admin,password:123456
[2020-11-04T17:57:55.737] [DEBUG] cheese - admin
[2020-11-04T17:57:55.739] [DEBUG] cheese - login => username:admin,password:123456
[2020-11-04T17:57:55.739] [DEBUG] cheese - admin
[2020-11-04T17:57:55.740] [DEBUG] cheese - login => username:admin,password:123456
[2020-11-04T17:57:55.741] [DEBUG] cheese - admin
[2020-11-04T17:57:55.742] [DEBUG] cheese - login => username:admin,password:123456
[2020-11-04T17:57:55.742] [DEBUG] cheese - admin
[2020-11-04T17:57:55.743] [DEBUG] cheese - login => username:admin,password:123456
[2020-11-04T17:57:55.743] [DEBUG] cheese - admin
[2020-11-04T17:57:55.844] [DEBUG] cheese - null
[2020-11-04T17:57:55.844] [DEBUG] cheese - null
[2020-11-04T17:57:55.933] [DEBUG] cheese - null
[2020-11-04T17:57:55.933] [DEBUG] cheese - null
[2020-11-04T17:57:56.030] [DEBUG] cheese - login => username:admin,password:123456
[2020-11-04T17:57:56.030] [DEBUG] cheese - admin
[2020-11-04T17:57:56.031] [DEBUG] cheese - login => username:admin,password:123456
[2020-11-04T17:57:56.031] [DEBUG] cheese - admin
[2020-11-04T17:57:56.033] [DEBUG] cheese - null
[2020-11-04T17:57:56.033] [DEBUG] cheese - null
[2020-11-04T17:57:56.117] [DEBUG] cheese - null
[2020-11-04T17:57:56.117] [DEBUG] cheese - null
[2020-11-04T17:57:56.201] [DEBUG] cheese - null
[2020-11-04T17:57:56.201] [DEBUG] cheese - null
[2020-11-04T17:57:56.284] [DEBUG] cheese - null
[2020-11-04T17:57:56.284] [DEBUG] cheese - null
[2020-11-04T17:57:56.366] [DEBUG] cheese - null
[2020-11-04T17:57:56.366] [DEBUG] cheese - null
[2020-11-04T17:57:56.466] [DEBUG] cheese - null
[2020-11-04T17:57:56.466] [DEBUG] cheese - null
[2020-11-04T17:57:56.546] [DEBUG] cheese - login => username:admin,password:123456
[2020-11-04T17:57:56.546] [DEBUG] cheese - admin
[2020-11-04T17:57:56.547] [DEBUG] cheese - login => username:admin,password:123456
[2020-11-04T17:57:56.547] [DEBUG] cheese - admin
[2020-11-04T17:57:56.549] [DEBUG] cheese - login => username:admin,password:123456
[2020-11-04T17:57:56.549] [DEBUG] cheese - admin
[2020-11-04T17:57:56.552] [DEBUG] cheese - login => username:admin,password:123456
[2020-11-04T17:57:56.552] [DEBUG] cheese - admin
[2020-11-04T17:57:56.554] [DEBUG] cheese - login => username:admin,password:123456
[2020-11-04T17:57:56.555] [DEBUG] cheese - admin
[2020-11-04T17:57:56.556] [DEBUG] cheese - login => username:admin,password:123456
[2020-11-04T17:57:56.556] [DEBUG] cheese - admin
[2020-11-04T17:57:56.560] [DEBUG] cheese - null
[2020-11-04T17:57:56.560] [DEBUG] cheese - null
[2020-11-04T17:57:56.645] [DEBUG] cheese - null
[2020-11-04T17:57:56.645] [DEBUG] cheese - null
[2020-11-04T17:57:56.725] [DEBUG] cheese - null
[2020-11-04T17:57:56.725] [DEBUG] cheese - null
[2020-11-04T17:57:56.807] [DEBUG] cheese - null
[2020-11-04T17:57:56.807] [DEBUG] cheese - null
[2020-11-04T17:57:56.887] [DEBUG] cheese - null
[2020-11-04T17:57:56.887] [DEBUG] cheese - null
[2020-11-04T17:57:56.968] [DEBUG] cheese - null
[2020-11-04T17:57:56.969] [DEBUG] cheese - null
[2020-11-04T17:58:06.340] [DEBUG] cheese - login => username:admin,password:123456
[2020-11-04T17:58:06.340] [DEBUG] cheese - admin
[2020-11-04T17:58:06.342] [DEBUG] cheese - null
[2020-11-04T17:58:06.342] [DEBUG] cheese - null
[2020-11-06T16:31:01.175] [DEBUG] cheese - login => username:admin,password:123456
[2020-11-06T16:31:01.251] [DEBUG] cheese - admin
[2020-11-06T16:31:02.129] [DEBUG] cheese - null
[2020-11-06T16:31:02.130] [DEBUG] cheese - null
[2020-11-08T09:02:40.306] [DEBUG] cheese - login => username:admin,password:123456
[2020-11-08T09:02:40.309] [DEBUG] cheese - admin
[2020-11-08T09:02:40.744] [DEBUG] cheese - null
[2020-11-08T09:02:40.744] [DEBUG] cheese - null
[2020-11-09T12:24:39.479] [DEBUG] cheese - login => username:admin,password:123456
[2020-11-09T12:24:39.512] [DEBUG] cheese - admin
[2020-11-09T12:24:39.633] [DEBUG] cheese - null
[2020-11-09T12:24:39.633] [DEBUG] cheese - null
[2020-11-09T14:48:34.338] [DEBUG] cheese - login => username:admin,password:123456
[2020-11-09T14:48:34.339] [DEBUG] cheese - admin
[2020-11-09T14:48:36.156] [DEBUG] cheese - null
[2020-11-09T14:48:36.156] [DEBUG] cheese - null
[2020-11-09T18:30:34.598] [DEBUG] cheese - null
[2020-11-09T18:34:27.997] [DEBUG] cheese - null
[2020-11-09T18:34:34.449] [DEBUG] cheese - null
[2020-11-09T18:38:26.506] [DEBUG] cheese - null
[2020-11-09T18:38:29.355] [DEBUG] cheese - null
[2020-11-09T18:38:33.296] [DEBUG] cheese - null
[2020-11-09T20:23:09.687] [DEBUG] cheese - null
[2020-11-10T22:53:53.998] [DEBUG] cheese - login => username:admin,password:123456
[2020-11-10T22:53:54.035] [DEBUG] cheese - admin
[2020-11-10T22:53:54.295] [DEBUG] cheese - null
[2020-11-10T22:53:54.296] [DEBUG] cheese - null
[2020-11-11T03:18:06.741] [DEBUG] cheese - login => username:admin,password:123456
[2020-11-11T03:18:06.742] [DEBUG] cheese - admin
[2020-11-11T03:18:07.039] [DEBUG] cheese - null
[2020-11-11T03:18:07.039] [DEBUG] cheese - null
[2020-11-11T11:01:33.446] [DEBUG] cheese - login => username:admin,password:123456
[2020-11-11T11:01:33.450] [DEBUG] cheese - admin
[2020-11-11T11:01:33.668] [DEBUG] cheese - null
[2020-11-11T11:01:33.669] [DEBUG] cheese - null
[2020-11-12T11:37:14.140] [DEBUG] cheese - login => username:admin,password:123456
[2020-11-12T11:37:14.198] [DEBUG] cheese - admin
[2020-11-12T11:37:14.386] [DEBUG] cheese - null
[2020-11-12T11:37:14.387] [DEBUG] cheese - null
[2020-11-12T13:43:09.381] [DEBUG] cheese - login => username:admin,password:123456
[2020-11-12T13:43:09.403] [DEBUG] cheese - admin
[2020-11-12T13:43:09.407] [DEBUG] cheese - null
[2020-11-12T13:43:09.408] [DEBUG] cheese - null
[2020-11-12T17:18:55.487] [DEBUG] cheese - null
[2020-11-13T11:34:36.753] [DEBUG] cheese - login => username:admin,password:123456
[2020-11-13T11:34:36.799] [DEBUG] cheese - admin
[2020-11-13T11:34:36.877] [DEBUG] cheese - null
[2020-11-13T11:34:36.877] [DEBUG] cheese - null
[2020-11-13T17:06:10.911] [DEBUG] cheese - login => username:admin,password:123456
[2020-11-13T17:06:10.912] [DEBUG] cheese - admin
[2020-11-13T17:06:10.918] [DEBUG] cheese - null
[2020-11-13T17:06:10.918] [DEBUG] cheese - null
[2020-11-13T17:22:05.016] [DEBUG] cheese - login => username:admin,password:123456
[2020-11-13T17:22:05.016] [DEBUG] cheese - admin
[2020-11-13T17:22:05.135] [DEBUG] cheese - null
[2020-11-13T17:22:05.135] [DEBUG] cheese - null
[2020-11-13T17:30:34.408] [DEBUG] cheese - login => username:admin,password:123456
[2020-11-13T17:30:34.408] [DEBUG] cheese - admin
[2020-11-13T17:30:34.411] [DEBUG] cheese - null
[2020-11-13T17:30:34.411] [DEBUG] cheese - null
[2020-11-13T17:43:46.685] [DEBUG] cheese - login => username:admin,password:123456
[2020-11-13T17:43:46.685] [DEBUG] cheese - admin
[2020-11-13T17:43:46.687] [DEBUG] cheese - null
[2020-11-13T17:43:46.687] [DEBUG] cheese - null
[2020-11-13T17:45:04.573] [DEBUG] cheese - login => username:admin,password:123456
[2020-11-13T17:45:04.573] [DEBUG] cheese - admin
[2020-11-13T17:45:04.574] [DEBUG] cheese - null
[2020-11-13T17:45:04.574] [DEBUG] cheese - null
[2020-11-13T18:38:41.270] [DEBUG] cheese - login => username:admin,password:123456
[2020-11-13T18:38:41.275] [DEBUG] cheese - admin
[2020-11-13T18:38:41.537] [DEBUG] cheese - null
[2020-11-13T18:38:41.537] [DEBUG] cheese - null
[2020-11-13T18:39:10.810] [DEBUG] cheese - null
[2020-11-13T18:42:38.454] [DEBUG] cheese - login => username:admin,password:123456
[2020-11-13T18:42:38.454] [DEBUG] cheese - admin
[2020-11-13T18:42:38.573] [DEBUG] cheese - null
[2020-11-13T18:42:38.573] [DEBUG] cheese - null
[2020-11-13T19:02:28.400] [DEBUG] cheese - login => username:admin,password:123456
[2020-11-13T19:02:28.400] [DEBUG] cheese - admin
[2020-11-13T19:02:28.402] [DEBUG] cheese - null
[2020-11-13T19:02:28.402] [DEBUG] cheese - null
[2020-11-13T22:37:25.629] [DEBUG] cheese - login => username:admin,password:123456
[2020-11-13T22:37:25.633] [DEBUG] cheese - admin
[2020-11-13T22:37:26.016] [DEBUG] cheese - null
[2020-11-13T22:37:26.017] [DEBUG] cheese - null
[2020-11-13T22:37:37.375] [DEBUG] cheese - login => username:admin,password:123456
[2020-11-13T22:37:37.375] [DEBUG] cheese - admin
[2020-11-13T22:37:37.377] [DEBUG] cheese - null
[2020-11-13T22:37:37.377] [DEBUG] cheese - null
[2020-11-13T22:54:17.178] [DEBUG] cheese - login => username:admin,password:123456
[2020-11-13T22:54:17.180] [DEBUG] cheese - admin
[2020-11-13T22:54:17.183] [DEBUG] cheese - null
[2020-11-13T22:54:17.184] [DEBUG] cheese - null
[2020-11-13T23:28:16.159] [DEBUG] cheese - login => username:admin,password:123456
[2020-11-13T23:28:16.160] [DEBUG] cheese - admin
[2020-11-13T23:28:16.269] [DEBUG] cheese - null
[2020-11-13T23:28:16.269] [DEBUG] cheese - null
[2020-11-13T23:29:50.156] [DEBUG] cheese - login => username:admin,password:123456
[2020-11-13T23:29:50.156] [DEBUG] cheese - admin
[2020-11-13T23:29:50.159] [DEBUG] cheese - null
[2020-11-13T23:29:50.159] [DEBUG] cheese - null
